/usr/lib/ruby/1.9.1/psych.rb:229:in `initialize': No such file or directory - feed_info.yaml (Errno::ENOENT)
	from /usr/lib/ruby/1.9.1/psych.rb:229:in `open'
	from /usr/lib/ruby/1.9.1/psych.rb:229:in `load_file'
	from /vagrant/loadreport.rb:6:in `<main>'
/usr/lib/ruby/1.9.1/psych.rb:229:in `initialize': No such file or directory - feed_info.yaml (Errno::ENOENT)
	from /usr/lib/ruby/1.9.1/psych.rb:229:in `open'
	from /usr/lib/ruby/1.9.1/psych.rb:229:in `load_file'
	from /vagrant/loadreport.rb:6:in `<main>'
2014-03-21 00:02:01 Starting loadreport.rb run.
2014-03-21 00:02:03 Ending loadreport.rb run.
2014-03-21 00:03:01 Starting loadreport.rb run
2014-03-21 00:03:02 Ending loadreport.rb run
2014-03-21 00:04:01 Starting loadreport.rb run
2014-03-21 00:04:03 Ending loadreport.rb run
2014-03-21 00:05:01 Starting loadreport.rb run
2014-03-21 00:05:03 Ending loadreport.rb run
2014-03-21 00:06:01 Starting loadreport.rb run
2014-03-21 00:06:03 Ending loadreport.rb run

2014-03-21 00:07:01 Starting loadreport.rb run
2014-03-21 00:07:03 Ending loadreport.rb run

2014-03-21 00:08:01 Starting loadreport.rb run
2014-03-21 00:08:03 Ending loadreport.rb run

2014-03-21 00:09:01 Starting loadreport.rb run
2014-03-21 00:09:03 Ending loadreport.rb run

2014-03-21 00:10:01 Starting loadreport.rb run
2014-03-21 00:10:03 Ending loadreport.rb run

2014-03-21 00:11:01 Starting loadreport.rb run
2014-03-21 00:11:03 Ending loadreport.rb run

2014-03-21 00:12:01 Starting loadreport.rb run
2014-03-21 00:12:03 Ending loadreport.rb run

2014-03-21 00:13:01 Starting loadreport.rb run
2014-03-21 00:13:03 Ending loadreport.rb run

2014-03-21 00:14:01 Starting loadreport.rb run
2014-03-21 00:14:03 Ending loadreport.rb run

2014-03-21 00:15:01 Starting loadreport.rb run
2014-03-21 00:15:03 Ending loadreport.rb run

2014-03-21 00:16:01 Starting loadreport.rb run
2014-03-21 00:16:03 Ending loadreport.rb run

2014-03-21 00:17:01 Starting loadreport.rb run
2014-03-21 00:17:03 Ending loadreport.rb run

2014-03-21 00:18:01 Starting loadreport.rb run
2014-03-21 00:18:03 Ending loadreport.rb run

2014-03-21 00:19:01 Starting loadreport.rb run
2014-03-21 00:19:02 Ending loadreport.rb run

2014-03-21 00:20:02 Starting loadreport.rb run
2014-03-21 00:20:03 Ending loadreport.rb run

2014-03-21 00:21:01 Starting loadreport.rb run
2014-03-21 00:21:04 Ending loadreport.rb run

2014-03-21 00:22:01 Starting loadreport.rb run
2014-03-21 00:22:03 Ending loadreport.rb run

2014-03-21 00:23:01 Starting loadreport.rb run
2014-03-21 00:23:03 Ending loadreport.rb run

2014-03-21 00:24:01 Starting loadreport.rb run
2014-03-21 00:24:03 Ending loadreport.rb run

2014-03-21 00:25:01 Starting loadreport.rb run
2014-03-21 00:25:04 Ending loadreport.rb run

2014-03-21 00:26:01 Starting loadreport.rb run
2014-03-21 00:26:03 Ending loadreport.rb run

2014-03-21 00:27:01 Starting loadreport.rb run
2014-03-21 00:27:03 Ending loadreport.rb run

2014-03-21 00:28:01 Starting loadreport.rb run
2014-03-21 00:28:03 Ending loadreport.rb run

2014-03-21 00:29:01 Starting loadreport.rb run
2014-03-21 00:29:03 Ending loadreport.rb run

2014-03-21 00:30:01 Starting loadreport.rb run
2014-03-21 00:30:03 Ending loadreport.rb run

2014-03-21 00:31:01 Starting loadreport.rb run
2014-03-21 00:31:03 Ending loadreport.rb run

2014-03-21 00:32:01 Starting loadreport.rb run
2014-03-21 00:32:02 Ending loadreport.rb run

2014-03-21 00:33:02 Starting loadreport.rb run
2014-03-21 00:33:03 Ending loadreport.rb run

2014-03-21 00:34:01 Starting loadreport.rb run
2014-03-21 00:34:03 Ending loadreport.rb run

2014-03-21 00:35:01 Starting loadreport.rb run
2014-03-21 00:35:03 Ending loadreport.rb run

2014-03-21 00:36:01 Starting loadreport.rb run
2014-03-21 00:36:04 Ending loadreport.rb run

